2024-10-23 15:23:54,854 INFO o.a.j.u.JMeterUtils: Setting Locale to en_EN
2024-10-23 15:23:54,883 INFO o.a.j.JMeter: Loading user properties from: user.properties
2024-10-23 15:23:54,883 INFO o.a.j.JMeter: Loading system properties from: system.properties
2024-10-23 15:23:54,892 INFO o.a.j.JMeter: Copyright (c) 1998-2024 The Apache Software Foundation
2024-10-23 15:23:54,892 INFO o.a.j.JMeter: Version 5.6.3
2024-10-23 15:23:54,892 INFO o.a.j.JMeter: java.version=21.0.3
2024-10-23 15:23:54,892 INFO o.a.j.JMeter: java.vm.name=Java HotSpot(TM) 64-Bit Server VM
2024-10-23 15:23:54,892 INFO o.a.j.JMeter: os.name=Windows 11
2024-10-23 15:23:54,892 INFO o.a.j.JMeter: os.arch=amd64
2024-10-23 15:23:54,892 INFO o.a.j.JMeter: os.version=10.0
2024-10-23 15:23:54,892 INFO o.a.j.JMeter: file.encoding=UTF-8
2024-10-23 15:23:54,892 INFO o.a.j.JMeter: java.awt.headless=null
2024-10-23 15:23:54,893 INFO o.a.j.JMeter: Max memory     =1073741824
2024-10-23 15:23:54,893 INFO o.a.j.JMeter: Available Processors =12
2024-10-23 15:23:54,905 INFO o.a.j.JMeter: Default Locale=English (EN)
2024-10-23 15:23:54,905 INFO o.a.j.JMeter: JMeter  Locale=English (EN)
2024-10-23 15:23:54,905 INFO o.a.j.JMeter: JMeterHome=C:\Users\User\Downloads\apache-jmeter-5.6.3\apache-jmeter-5.6.3
2024-10-23 15:23:54,905 INFO o.a.j.JMeter: user.dir  =C:\Users\User\Downloads\apache-jmeter-5.6.3\apache-jmeter-5.6.3\bin
2024-10-23 15:23:54,906 INFO o.a.j.JMeter: PWD       =C:\Users\User\Downloads\apache-jmeter-5.6.3\apache-jmeter-5.6.3\bin
2024-10-23 15:23:54,908 INFO o.a.j.JMeter: IP: 192.168.232.1 Name: LAPTOP-1P3GECA5 FullName: LAPTOP-1P3GECA5
2024-10-23 15:23:54,925 INFO o.a.j.JMeter: Loaded icon properties from org/apache/jmeter/images/icon.properties
2024-10-23 15:23:55,148 INFO o.a.j.JMeterGuiLauncher: Setting LAF to: com.github.weisj.darklaf.DarkLaf:com.github.weisj.darklaf.theme.DarculaTheme
2024-10-23 15:23:56,425 INFO o.a.j.r.ClassFinder: Will scan jar C:\Users\User\Downloads\apache-jmeter-5.6.3\apache-jmeter-5.6.3\lib\ext\jmeter-plugins-manager-1.10.jar with filter ExtendsClassFilter [parents=[interface org.apache.jmeter.gui.action.Command], inner=false, contains=null, notContains=null]. Consider exposing JMeter plugins via META-INF/services, and add JMeter-Skip-Class-Scanning=true manifest attribute so JMeter can skip classfile scanning
2024-10-23 15:23:56,539 INFO o.a.j.r.ClassFinder: Will scan jar C:\Users\User\Downloads\apache-jmeter-5.6.3\apache-jmeter-5.6.3\lib\ext\jmeter-parallel-0.12.jar with filter ExtendsClassFilter [parents=[interface org.apache.jmeter.gui.action.Command], inner=false, contains=null, notContains=null]. Consider exposing JMeter plugins via META-INF/services, and add JMeter-Skip-Class-Scanning=true manifest attribute so JMeter can skip classfile scanning
2024-10-23 15:23:56,556 INFO o.a.j.r.ClassFinder: Will scan jar C:\Users\User\Downloads\apache-jmeter-5.6.3\apache-jmeter-5.6.3\lib\ext\jmeter-plugins-casutg-2.10.jar with filter ExtendsClassFilter [parents=[interface org.apache.jmeter.gui.action.Command], inner=false, contains=null, notContains=null]. Consider exposing JMeter plugins via META-INF/services, and add JMeter-Skip-Class-Scanning=true manifest attribute so JMeter can skip classfile scanning
2024-10-23 15:23:56,680 INFO o.a.j.r.ClassFinder: Will scan jar C:\Users\User\Downloads\apache-jmeter-5.6.3\apache-jmeter-5.6.3\lib\ext\jmeter-plugins-manager-1.10.jar with filter ExtendsClassFilter [parents=[interface org.apache.jmeter.gui.plugin.MenuCreator], inner=false, contains=null, notContains=null]. Consider exposing JMeter plugins via META-INF/services, and add JMeter-Skip-Class-Scanning=true manifest attribute so JMeter can skip classfile scanning
2024-10-23 15:23:56,685 INFO o.a.j.r.ClassFinder: Will scan jar C:\Users\User\Downloads\apache-jmeter-5.6.3\apache-jmeter-5.6.3\lib\ext\jmeter-parallel-0.12.jar with filter ExtendsClassFilter [parents=[interface org.apache.jmeter.gui.plugin.MenuCreator], inner=false, contains=null, notContains=null]. Consider exposing JMeter plugins via META-INF/services, and add JMeter-Skip-Class-Scanning=true manifest attribute so JMeter can skip classfile scanning
2024-10-23 15:23:56,692 INFO o.a.j.r.ClassFinder: Will scan jar C:\Users\User\Downloads\apache-jmeter-5.6.3\apache-jmeter-5.6.3\lib\ext\jmeter-plugins-casutg-2.10.jar with filter ExtendsClassFilter [parents=[interface org.apache.jmeter.gui.plugin.MenuCreator], inner=false, contains=null, notContains=null]. Consider exposing JMeter plugins via META-INF/services, and add JMeter-Skip-Class-Scanning=true manifest attribute so JMeter can skip classfile scanning
2024-10-23 15:23:56,874 INFO o.j.r.JARSourceHTTP: Found cached repo
2024-10-23 15:23:57,162 INFO o.j.r.PluginManager: Plugins Status: [jpgc-casutg=2.10, bzm-parallel=0.12, jpgc-plugins-manager=1.10, jmeter-core=5.6.3, jmeter-ftp=5.6.3, jmeter-http=5.6.3, jmeter-jdbc=5.6.3, jmeter-jms=5.6.3, jmeter-junit=5.6.3, jmeter-java=5.6.3, jmeter-ldap=5.6.3, jmeter-mail=5.6.3, jmeter-mongodb=5.6.3, jmeter-native=5.6.3, jmeter-tcp=5.6.3, jmeter-components=5.6.3]
2024-10-23 15:23:59,115 INFO o.a.j.p.h.s.HTTPSamplerBase: Parser for text/html is org.apache.jmeter.protocol.http.parser.LagartoBasedHtmlParser
2024-10-23 15:23:59,115 INFO o.a.j.p.h.s.HTTPSamplerBase: Parser for application/xhtml+xml is org.apache.jmeter.protocol.http.parser.LagartoBasedHtmlParser
2024-10-23 15:23:59,115 INFO o.a.j.p.h.s.HTTPSamplerBase: Parser for application/xml is org.apache.jmeter.protocol.http.parser.LagartoBasedHtmlParser
2024-10-23 15:23:59,115 INFO o.a.j.p.h.s.HTTPSamplerBase: Parser for text/xml is org.apache.jmeter.protocol.http.parser.LagartoBasedHtmlParser
2024-10-23 15:23:59,115 INFO o.a.j.p.h.s.HTTPSamplerBase: Parser for text/vnd.wap.wml is org.apache.jmeter.protocol.http.parser.RegexpHTMLParser
2024-10-23 15:23:59,115 INFO o.a.j.p.h.s.HTTPSamplerBase: Parser for text/css is org.apache.jmeter.protocol.http.parser.CssParser
2024-10-23 15:24:18,518 INFO o.a.j.s.SampleResult: Note: Sample TimeStamps are START times
2024-10-23 15:24:18,518 INFO o.a.j.s.SampleResult: sampleresult.default.encoding is set to UTF-8
2024-10-23 15:24:18,518 INFO o.a.j.s.SampleResult: sampleresult.useNanoTime=true
2024-10-23 15:24:18,518 INFO o.a.j.s.SampleResult: sampleresult.nanoThreadSleep=5000
